<?xml version="1.0" encoding="UTF-8"?>
<testsuite xmlns:xsi="http://www.w3.org/2001/XMLSchema-instance" xsi:noNamespaceSchemaLocation="https://maven.apache.org/surefire/maven-surefire-plugin/xsd/surefire-test-report.xsd" version="3.0.2" name="org.example.laboratoryappointment.User.UserTest" time="4.266" tests="1" errors="1" skipped="0" failures="0">
  <properties>
    <property name="java.specification.version" value="21"/>
    <property name="sun.cpu.isalist" value="amd64"/>
    <property name="sun.jnu.encoding" value="UTF-8"/>
    <property name="java.class.path" value="D:\Web\LaboratoryAppointment\target\test-classes;D:\Web\LaboratoryAppointment\target\classes;D:\Repository\org\springframework\boot\spring-boot-starter-data-jdbc\3.4.0\spring-boot-starter-data-jdbc-3.4.0.jar;D:\Repository\org\springframework\boot\spring-boot-starter-jdbc\3.4.0\spring-boot-starter-jdbc-3.4.0.jar;D:\Repository\com\zaxxer\HikariCP\5.1.0\HikariCP-5.1.0.jar;D:\Repository\org\springframework\spring-jdbc\6.2.0\spring-jdbc-6.2.0.jar;D:\Repository\org\springframework\data\spring-data-jdbc\3.4.0\spring-data-jdbc-3.4.0.jar;D:\Repository\org\springframework\data\spring-data-relational\3.4.0\spring-data-relational-3.4.0.jar;D:\Repository\org\springframework\data\spring-data-commons\3.4.0\spring-data-commons-3.4.0.jar;D:\Repository\org\springframework\spring-tx\6.2.0\spring-tx-6.2.0.jar;D:\Repository\org\springframework\spring-context\6.2.0\spring-context-6.2.0.jar;D:\Repository\org\springframework\spring-beans\6.2.0\spring-beans-6.2.0.jar;D:\Repository\org\slf4j\slf4j-api\2.0.16\slf4j-api-2.0.16.jar;D:\Repository\org\springframework\boot\spring-boot-starter-web\3.4.0\spring-boot-starter-web-3.4.0.jar;D:\Repository\org\springframework\boot\spring-boot-starter\3.4.0\spring-boot-starter-3.4.0.jar;D:\Repository\org\springframework\boot\spring-boot\3.4.0\spring-boot-3.4.0.jar;D:\Repository\org\springframework\boot\spring-boot-autoconfigure\3.4.0\spring-boot-autoconfigure-3.4.0.jar;D:\Repository\org\springframework\boot\spring-boot-starter-logging\3.4.0\spring-boot-starter-logging-3.4.0.jar;D:\Repository\ch\qos\logback\logback-classic\1.5.12\logback-classic-1.5.12.jar;D:\Repository\ch\qos\logback\logback-core\1.5.12\logback-core-1.5.12.jar;D:\Repository\org\apache\logging\log4j\log4j-to-slf4j\2.24.1\log4j-to-slf4j-2.24.1.jar;D:\Repository\org\apache\logging\log4j\log4j-api\2.24.1\log4j-api-2.24.1.jar;D:\Repository\org\slf4j\jul-to-slf4j\2.0.16\jul-to-slf4j-2.0.16.jar;D:\Repository\jakarta\annotation\jakarta.annotation-api\2.1.1\jakarta.annotation-api-2.1.1.jar;D:\Repository\org\yaml\snakeyaml\2.3\snakeyaml-2.3.jar;D:\Repository\org\springframework\boot\spring-boot-starter-json\3.4.0\spring-boot-starter-json-3.4.0.jar;D:\Repository\com\fasterxml\jackson\datatype\jackson-datatype-jdk8\2.18.1\jackson-datatype-jdk8-2.18.1.jar;D:\Repository\com\fasterxml\jackson\datatype\jackson-datatype-jsr310\2.18.1\jackson-datatype-jsr310-2.18.1.jar;D:\Repository\com\fasterxml\jackson\module\jackson-module-parameter-names\2.18.1\jackson-module-parameter-names-2.18.1.jar;D:\Repository\org\springframework\boot\spring-boot-starter-tomcat\3.4.0\spring-boot-starter-tomcat-3.4.0.jar;D:\Repository\org\apache\tomcat\embed\tomcat-embed-core\10.1.33\tomcat-embed-core-10.1.33.jar;D:\Repository\org\apache\tomcat\embed\tomcat-embed-el\10.1.33\tomcat-embed-el-10.1.33.jar;D:\Repository\org\apache\tomcat\embed\tomcat-embed-websocket\10.1.33\tomcat-embed-websocket-10.1.33.jar;D:\Repository\org\springframework\spring-web\6.2.0\spring-web-6.2.0.jar;D:\Repository\io\micrometer\micrometer-observation\1.14.1\micrometer-observation-1.14.1.jar;D:\Repository\io\micrometer\micrometer-commons\1.14.1\micrometer-commons-1.14.1.jar;D:\Repository\org\springframework\spring-webmvc\6.2.0\spring-webmvc-6.2.0.jar;D:\Repository\org\springframework\spring-aop\6.2.0\spring-aop-6.2.0.jar;D:\Repository\org\springframework\spring-expression\6.2.0\spring-expression-6.2.0.jar;D:\Repository\com\mysql\mysql-connector-j\9.1.0\mysql-connector-j-9.1.0.jar;D:\Repository\org\projectlombok\lombok\1.18.36\lombok-1.18.36.jar;D:\Repository\org\springframework\security\spring-security-crypto\6.4.1\spring-security-crypto-6.4.1.jar;D:\Repository\com\auth0\java-jwt\4.4.0\java-jwt-4.4.0.jar;D:\Repository\com\fasterxml\jackson\core\jackson-databind\2.18.1\jackson-databind-2.18.1.jar;D:\Repository\com\fasterxml\jackson\core\jackson-annotations\2.18.1\jackson-annotations-2.18.1.jar;D:\Repository\com\fasterxml\jackson\core\jackson-core\2.18.1\jackson-core-2.18.1.jar;D:\Repository\org\springframework\boot\spring-boot-starter-test\3.4.0\spring-boot-starter-test-3.4.0.jar;D:\Repository\org\springframework\boot\spring-boot-test\3.4.0\spring-boot-test-3.4.0.jar;D:\Repository\org\springframework\boot\spring-boot-test-autoconfigure\3.4.0\spring-boot-test-autoconfigure-3.4.0.jar;D:\Repository\com\jayway\jsonpath\json-path\2.9.0\json-path-2.9.0.jar;D:\Repository\jakarta\xml\bind\jakarta.xml.bind-api\4.0.2\jakarta.xml.bind-api-4.0.2.jar;D:\Repository\jakarta\activation\jakarta.activation-api\2.1.3\jakarta.activation-api-2.1.3.jar;D:\Repository\net\minidev\json-smart\2.5.1\json-smart-2.5.1.jar;D:\Repository\net\minidev\accessors-smart\2.5.1\accessors-smart-2.5.1.jar;D:\Repository\org\ow2\asm\asm\9.6\asm-9.6.jar;D:\Repository\org\assertj\assertj-core\3.26.3\assertj-core-3.26.3.jar;D:\Repository\net\bytebuddy\byte-buddy\1.15.10\byte-buddy-1.15.10.jar;D:\Repository\org\awaitility\awaitility\4.2.2\awaitility-4.2.2.jar;D:\Repository\org\hamcrest\hamcrest\2.2\hamcrest-2.2.jar;D:\Repository\org\junit\jupiter\junit-jupiter\5.11.3\junit-jupiter-5.11.3.jar;D:\Repository\org\junit\jupiter\junit-jupiter-api\5.11.3\junit-jupiter-api-5.11.3.jar;D:\Repository\org\opentest4j\opentest4j\1.3.0\opentest4j-1.3.0.jar;D:\Repository\org\junit\platform\junit-platform-commons\1.11.3\junit-platform-commons-1.11.3.jar;D:\Repository\org\apiguardian\apiguardian-api\1.1.2\apiguardian-api-1.1.2.jar;D:\Repository\org\junit\jupiter\junit-jupiter-params\5.11.3\junit-jupiter-params-5.11.3.jar;D:\Repository\org\junit\jupiter\junit-jupiter-engine\5.11.3\junit-jupiter-engine-5.11.3.jar;D:\Repository\org\junit\platform\junit-platform-engine\1.11.3\junit-platform-engine-1.11.3.jar;D:\Repository\org\mockito\mockito-core\5.14.2\mockito-core-5.14.2.jar;D:\Repository\net\bytebuddy\byte-buddy-agent\1.15.10\byte-buddy-agent-1.15.10.jar;D:\Repository\org\objenesis\objenesis\3.3\objenesis-3.3.jar;D:\Repository\org\mockito\mockito-junit-jupiter\5.14.2\mockito-junit-jupiter-5.14.2.jar;D:\Repository\org\skyscreamer\jsonassert\1.5.3\jsonassert-1.5.3.jar;D:\Repository\com\vaadin\external\google\android-json\0.0.20131108.vaadin1\android-json-0.0.20131108.vaadin1.jar;D:\Repository\org\springframework\spring-core\6.2.0\spring-core-6.2.0.jar;D:\Repository\org\springframework\spring-jcl\6.2.0\spring-jcl-6.2.0.jar;D:\Repository\org\springframework\spring-test\6.2.0\spring-test-6.2.0.jar;D:\Repository\org\xmlunit\xmlunit-core\2.10.0\xmlunit-core-2.10.0.jar;D:\Repository\cn\hutool\hutool-all\5.8.22\hutool-all-5.8.22.jar;"/>
    <property name="java.vm.vendor" value="Oracle Corporation"/>
    <property name="sun.arch.data.model" value="64"/>
    <property name="user.variant" value=""/>
    <property name="java.vendor.url" value="https://java.oracle.com/"/>
    <property name="user.timezone" value="Asia/Shanghai"/>
    <property name="os.name" value="Windows 11"/>
    <property name="java.vm.specification.version" value="21"/>
    <property name="sun.java.launcher" value="SUN_STANDARD"/>
    <property name="user.country" value="CN"/>
    <property name="sun.boot.library.path" value="D:\JDK_21\bin"/>
    <property name="sun.java.command" value="C:\Users\DELL\AppData\Local\Temp\surefire9905493502829205243\surefirebooter-20241222223923105_3.jar C:\Users\DELL\AppData\Local\Temp\surefire9905493502829205243 2024-12-22T22-39-23_004-jvmRun1 surefire-20241222223923105_1tmp surefire_0-20241222223923105_2tmp"/>
    <property name="jdk.debug" value="release"/>
    <property name="surefire.test.class.path" value="D:\Web\LaboratoryAppointment\target\test-classes;D:\Web\LaboratoryAppointment\target\classes;D:\Repository\org\springframework\boot\spring-boot-starter-data-jdbc\3.4.0\spring-boot-starter-data-jdbc-3.4.0.jar;D:\Repository\org\springframework\boot\spring-boot-starter-jdbc\3.4.0\spring-boot-starter-jdbc-3.4.0.jar;D:\Repository\com\zaxxer\HikariCP\5.1.0\HikariCP-5.1.0.jar;D:\Repository\org\springframework\spring-jdbc\6.2.0\spring-jdbc-6.2.0.jar;D:\Repository\org\springframework\data\spring-data-jdbc\3.4.0\spring-data-jdbc-3.4.0.jar;D:\Repository\org\springframework\data\spring-data-relational\3.4.0\spring-data-relational-3.4.0.jar;D:\Repository\org\springframework\data\spring-data-commons\3.4.0\spring-data-commons-3.4.0.jar;D:\Repository\org\springframework\spring-tx\6.2.0\spring-tx-6.2.0.jar;D:\Repository\org\springframework\spring-context\6.2.0\spring-context-6.2.0.jar;D:\Repository\org\springframework\spring-beans\6.2.0\spring-beans-6.2.0.jar;D:\Repository\org\slf4j\slf4j-api\2.0.16\slf4j-api-2.0.16.jar;D:\Repository\org\springframework\boot\spring-boot-starter-web\3.4.0\spring-boot-starter-web-3.4.0.jar;D:\Repository\org\springframework\boot\spring-boot-starter\3.4.0\spring-boot-starter-3.4.0.jar;D:\Repository\org\springframework\boot\spring-boot\3.4.0\spring-boot-3.4.0.jar;D:\Repository\org\springframework\boot\spring-boot-autoconfigure\3.4.0\spring-boot-autoconfigure-3.4.0.jar;D:\Repository\org\springframework\boot\spring-boot-starter-logging\3.4.0\spring-boot-starter-logging-3.4.0.jar;D:\Repository\ch\qos\logback\logback-classic\1.5.12\logback-classic-1.5.12.jar;D:\Repository\ch\qos\logback\logback-core\1.5.12\logback-core-1.5.12.jar;D:\Repository\org\apache\logging\log4j\log4j-to-slf4j\2.24.1\log4j-to-slf4j-2.24.1.jar;D:\Repository\org\apache\logging\log4j\log4j-api\2.24.1\log4j-api-2.24.1.jar;D:\Repository\org\slf4j\jul-to-slf4j\2.0.16\jul-to-slf4j-2.0.16.jar;D:\Repository\jakarta\annotation\jakarta.annotation-api\2.1.1\jakarta.annotation-api-2.1.1.jar;D:\Repository\org\yaml\snakeyaml\2.3\snakeyaml-2.3.jar;D:\Repository\org\springframework\boot\spring-boot-starter-json\3.4.0\spring-boot-starter-json-3.4.0.jar;D:\Repository\com\fasterxml\jackson\datatype\jackson-datatype-jdk8\2.18.1\jackson-datatype-jdk8-2.18.1.jar;D:\Repository\com\fasterxml\jackson\datatype\jackson-datatype-jsr310\2.18.1\jackson-datatype-jsr310-2.18.1.jar;D:\Repository\com\fasterxml\jackson\module\jackson-module-parameter-names\2.18.1\jackson-module-parameter-names-2.18.1.jar;D:\Repository\org\springframework\boot\spring-boot-starter-tomcat\3.4.0\spring-boot-starter-tomcat-3.4.0.jar;D:\Repository\org\apache\tomcat\embed\tomcat-embed-core\10.1.33\tomcat-embed-core-10.1.33.jar;D:\Repository\org\apache\tomcat\embed\tomcat-embed-el\10.1.33\tomcat-embed-el-10.1.33.jar;D:\Repository\org\apache\tomcat\embed\tomcat-embed-websocket\10.1.33\tomcat-embed-websocket-10.1.33.jar;D:\Repository\org\springframework\spring-web\6.2.0\spring-web-6.2.0.jar;D:\Repository\io\micrometer\micrometer-observation\1.14.1\micrometer-observation-1.14.1.jar;D:\Repository\io\micrometer\micrometer-commons\1.14.1\micrometer-commons-1.14.1.jar;D:\Repository\org\springframework\spring-webmvc\6.2.0\spring-webmvc-6.2.0.jar;D:\Repository\org\springframework\spring-aop\6.2.0\spring-aop-6.2.0.jar;D:\Repository\org\springframework\spring-expression\6.2.0\spring-expression-6.2.0.jar;D:\Repository\com\mysql\mysql-connector-j\9.1.0\mysql-connector-j-9.1.0.jar;D:\Repository\org\projectlombok\lombok\1.18.36\lombok-1.18.36.jar;D:\Repository\org\springframework\security\spring-security-crypto\6.4.1\spring-security-crypto-6.4.1.jar;D:\Repository\com\auth0\java-jwt\4.4.0\java-jwt-4.4.0.jar;D:\Repository\com\fasterxml\jackson\core\jackson-databind\2.18.1\jackson-databind-2.18.1.jar;D:\Repository\com\fasterxml\jackson\core\jackson-annotations\2.18.1\jackson-annotations-2.18.1.jar;D:\Repository\com\fasterxml\jackson\core\jackson-core\2.18.1\jackson-core-2.18.1.jar;D:\Repository\org\springframework\boot\spring-boot-starter-test\3.4.0\spring-boot-starter-test-3.4.0.jar;D:\Repository\org\springframework\boot\spring-boot-test\3.4.0\spring-boot-test-3.4.0.jar;D:\Repository\org\springframework\boot\spring-boot-test-autoconfigure\3.4.0\spring-boot-test-autoconfigure-3.4.0.jar;D:\Repository\com\jayway\jsonpath\json-path\2.9.0\json-path-2.9.0.jar;D:\Repository\jakarta\xml\bind\jakarta.xml.bind-api\4.0.2\jakarta.xml.bind-api-4.0.2.jar;D:\Repository\jakarta\activation\jakarta.activation-api\2.1.3\jakarta.activation-api-2.1.3.jar;D:\Repository\net\minidev\json-smart\2.5.1\json-smart-2.5.1.jar;D:\Repository\net\minidev\accessors-smart\2.5.1\accessors-smart-2.5.1.jar;D:\Repository\org\ow2\asm\asm\9.6\asm-9.6.jar;D:\Repository\org\assertj\assertj-core\3.26.3\assertj-core-3.26.3.jar;D:\Repository\net\bytebuddy\byte-buddy\1.15.10\byte-buddy-1.15.10.jar;D:\Repository\org\awaitility\awaitility\4.2.2\awaitility-4.2.2.jar;D:\Repository\org\hamcrest\hamcrest\2.2\hamcrest-2.2.jar;D:\Repository\org\junit\jupiter\junit-jupiter\5.11.3\junit-jupiter-5.11.3.jar;D:\Repository\org\junit\jupiter\junit-jupiter-api\5.11.3\junit-jupiter-api-5.11.3.jar;D:\Repository\org\opentest4j\opentest4j\1.3.0\opentest4j-1.3.0.jar;D:\Repository\org\junit\platform\junit-platform-commons\1.11.3\junit-platform-commons-1.11.3.jar;D:\Repository\org\apiguardian\apiguardian-api\1.1.2\apiguardian-api-1.1.2.jar;D:\Repository\org\junit\jupiter\junit-jupiter-params\5.11.3\junit-jupiter-params-5.11.3.jar;D:\Repository\org\junit\jupiter\junit-jupiter-engine\5.11.3\junit-jupiter-engine-5.11.3.jar;D:\Repository\org\junit\platform\junit-platform-engine\1.11.3\junit-platform-engine-1.11.3.jar;D:\Repository\org\mockito\mockito-core\5.14.2\mockito-core-5.14.2.jar;D:\Repository\net\bytebuddy\byte-buddy-agent\1.15.10\byte-buddy-agent-1.15.10.jar;D:\Repository\org\objenesis\objenesis\3.3\objenesis-3.3.jar;D:\Repository\org\mockito\mockito-junit-jupiter\5.14.2\mockito-junit-jupiter-5.14.2.jar;D:\Repository\org\skyscreamer\jsonassert\1.5.3\jsonassert-1.5.3.jar;D:\Repository\com\vaadin\external\google\android-json\0.0.20131108.vaadin1\android-json-0.0.20131108.vaadin1.jar;D:\Repository\org\springframework\spring-core\6.2.0\spring-core-6.2.0.jar;D:\Repository\org\springframework\spring-jcl\6.2.0\spring-jcl-6.2.0.jar;D:\Repository\org\springframework\spring-test\6.2.0\spring-test-6.2.0.jar;D:\Repository\org\xmlunit\xmlunit-core\2.10.0\xmlunit-core-2.10.0.jar;D:\Repository\cn\hutool\hutool-all\5.8.22\hutool-all-5.8.22.jar;"/>
    <property name="sun.cpu.endian" value="little"/>
    <property name="user.home" value="C:\Users\DELL"/>
    <property name="user.language" value="zh"/>
    <property name="java.specification.vendor" value="Oracle Corporation"/>
    <property name="java.version.date" value="2024-07-16"/>
    <property name="java.home" value="D:\JDK_21"/>
    <property name="file.separator" value="\"/>
    <property name="basedir" value="D:\Web\LaboratoryAppointment"/>
    <property name="java.vm.compressedOopsMode" value="Zero based"/>
    <property name="line.separator" value="&#10;"/>
    <property name="java.vm.specification.vendor" value="Oracle Corporation"/>
    <property name="java.specification.name" value="Java Platform API Specification"/>
    <property name="FILE_LOG_CHARSET" value="UTF-8"/>
    <property name="java.awt.headless" value="true"/>
    <property name="surefire.real.class.path" value="C:\Users\DELL\AppData\Local\Temp\surefire9905493502829205243\surefirebooter-20241222223923105_3.jar"/>
    <property name="user.script" value=""/>
    <property name="sun.management.compiler" value="HotSpot 64-Bit Tiered Compilers"/>
    <property name="java.runtime.version" value="21.0.4+8-LTS-274"/>
    <property name="user.name" value="DELL"/>
    <property name="stdout.encoding" value="UTF-8"/>
    <property name="path.separator" value=";"/>
    <property name="os.version" value="10.0"/>
    <property name="java.runtime.name" value="Java(TM) SE Runtime Environment"/>
    <property name="file.encoding" value="UTF-8"/>
    <property name="java.vm.name" value="Java HotSpot(TM) 64-Bit Server VM"/>
    <property name="localRepository" value="D:\Repository"/>
    <property name="java.vendor.url.bug" value="https://bugreport.java.com/bugreport/"/>
    <property name="java.io.tmpdir" value="C:\Users\DELL\AppData\Local\Temp\"/>
    <property name="idea.version" value="2024.2.1"/>
    <property name="com.zaxxer.hikari.pool_number" value="1"/>
    <property name="java.version" value="21.0.4"/>
    <property name="user.dir" value="D:\Web\LaboratoryAppointment"/>
    <property name="os.arch" value="amd64"/>
    <property name="java.vm.specification.name" value="Java Virtual Machine Specification"/>
    <property name="PID" value="3844"/>
    <property name="sun.os.patch.level" value=""/>
    <property name="CONSOLE_LOG_CHARSET" value="UTF-8"/>
    <property name="native.encoding" value="UTF-8"/>
    <property name="java.library.path" value="D:\JDK_21\bin;C:\WINDOWS\Sun\Java\bin;C:\WINDOWS\system32;C:\WINDOWS;C:\Program Files\Common Files\Oracle\Java\javapath;D:\JDK_21\bin;C:\Windows\system32;C:\Windows;C:\Windows\System32\Wbem;C:\Windows\System32\WindowsPowerShell\v1.0\;C:\Windows\System32\OpenSSH\;C:\Program Files (x86)\NVIDIA Corporation\PhysX\Common;C:\Program Files\dotnet\;C:\Program Files\Bandizip\;C:\Program Files\MySQL\MySQL Server 8.0\bin;C:\WINDOWS\system32;C:\WINDOWS;C:\WINDOWS\System32\Wbem;C:\WINDOWS\System32\WindowsPowerShell\v1.0\;C:\WINDOWS\System32\OpenSSH\;C:\Program Files\NVIDIA Corporation\Nsight Compute 2022.4.0\;C:\Program Files\NVIDIA Corporation\NVIDIA NvDLISR;C:\Program Files (x86)\Windows Kits\10\Windows Performance Toolkit\;D:\JDK_21\bin;D:\apache-maven-3.9.7\bin;D:\nodejs;D:\MinGW\bin;C:\Users\DELL\AppData\Local\Programs\Python\Python310\Scripts\;C:\Users\DELL\AppData\Local\Programs\Python\Python310\;C:\Users\DELL\AppData\Local\Microsoft\WindowsApps;C:\Program Files\Bandizip\;D:\IntelliJ IDEA Community Edition 2024.1.1\bin;;D:\Microsoft VS Code\bin;D:\IntelliJ IDEA 2024.2.1\bin;;C:\Users\DELL\AppData\Roaming\npm;."/>
    <property name="java.vm.info" value="mixed mode, sharing"/>
    <property name="stderr.encoding" value="UTF-8"/>
    <property name="java.vendor" value="Oracle Corporation"/>
    <property name="java.vm.version" value="21.0.4+8-LTS-274"/>
    <property name="sun.io.unicode.encoding" value="UnicodeLittle"/>
    <property name="maven.repo.local" value="D:\Repository"/>
    <property name="java.class.version" value="65.0"/>
    <property name="CONSOLE_LOG_PATTERN" value="%-5level %C.%M[%line] - %msg%n"/>
  </properties>
  <testcase name="addAppointment4" classname="org.example.laboratoryappointment.User.UserTest" time="0.906">
    <error message="Failed to execute InsertRoot{entity=Appointment(id=1320400317493932032, course={&quot;id&quot;:&quot;2&quot;,&quot;name&quot;:&quot;Math&quot;}, teacher={&quot;id&quot;:&quot;2&quot;,&quot;name&quot;:&quot;Saber&quot;}, classroom={&quot;id&quot;:&quot;2&quot;,&quot;name&quot;:&quot;Saber&quot;}, week=3, dayofweek=5, section=3), idValueSource=PROVIDED}" type="org.springframework.data.relational.core.conversion.DbActionExecutionException"><![CDATA[org.springframework.data.relational.core.conversion.DbActionExecutionException: Failed to execute InsertRoot{entity=Appointment(id=1320400317493932032, course={"id":"2","name":"Math"}, teacher={"id":"2","name":"Saber"}, classroom={"id":"2","name":"Saber"}, week=3, dayofweek=5, section=3), idValueSource=PROVIDED}
	at org.springframework.data.jdbc.core.AggregateChangeExecutor.execute(AggregateChangeExecutor.java:118)
	at org.springframework.data.jdbc.core.AggregateChangeExecutor.lambda$executeSave$0(AggregateChangeExecutor.java:61)
	at java.base/java.util.ArrayList.forEach(ArrayList.java:1596)
	at org.springframework.data.relational.core.conversion.SaveBatchingAggregateChange.forEachAction(SaveBatchingAggregateChange.java:68)
	at org.springframework.data.jdbc.core.AggregateChangeExecutor.executeSave(AggregateChangeExecutor.java:61)
	at org.springframework.data.jdbc.core.JdbcAggregateTemplate.performSave(JdbcAggregateTemplate.java:505)
	at org.springframework.data.jdbc.core.JdbcAggregateTemplate.save(JdbcAggregateTemplate.java:171)
	at org.springframework.data.jdbc.repository.support.SimpleJdbcRepository.save(SimpleJdbcRepository.java:69)
	at java.base/jdk.internal.reflect.DirectMethodHandleAccessor.invoke(DirectMethodHandleAccessor.java:103)
	at java.base/java.lang.reflect.Method.invoke(Method.java:580)
	at org.springframework.aop.support.AopUtils.invokeJoinpointUsingReflection(AopUtils.java:359)
	at org.springframework.data.repository.core.support.RepositoryMethodInvoker$RepositoryFragmentMethodInvoker.lambda$new$0(RepositoryMethodInvoker.java:277)
	at org.springframework.data.repository.core.support.RepositoryMethodInvoker.doInvoke(RepositoryMethodInvoker.java:170)
	at org.springframework.data.repository.core.support.RepositoryMethodInvoker.invoke(RepositoryMethodInvoker.java:158)
	at org.springframework.data.repository.core.support.RepositoryComposition$RepositoryFragments.invoke(RepositoryComposition.java:515)
	at org.springframework.data.repository.core.support.RepositoryComposition.invoke(RepositoryComposition.java:284)
	at org.springframework.data.repository.core.support.RepositoryFactorySupport$ImplementationMethodExecutionInterceptor.invoke(RepositoryFactorySupport.java:752)
	at org.springframework.aop.framework.ReflectiveMethodInvocation.proceed(ReflectiveMethodInvocation.java:184)
	at org.springframework.data.repository.core.support.QueryExecutorMethodInterceptor.doInvoke(QueryExecutorMethodInterceptor.java:174)
	at org.springframework.data.repository.core.support.QueryExecutorMethodInterceptor.invoke(QueryExecutorMethodInterceptor.java:149)
	at org.springframework.aop.framework.ReflectiveMethodInvocation.proceed(ReflectiveMethodInvocation.java:184)
	at org.springframework.transaction.interceptor.TransactionAspectSupport.invokeWithinTransaction(TransactionAspectSupport.java:380)
	at org.springframework.transaction.interceptor.TransactionInterceptor.invoke(TransactionInterceptor.java:119)
	at org.springframework.aop.framework.ReflectiveMethodInvocation.proceed(ReflectiveMethodInvocation.java:184)
	at org.springframework.dao.support.PersistenceExceptionTranslationInterceptor.invoke(PersistenceExceptionTranslationInterceptor.java:138)
	at org.springframework.aop.framework.ReflectiveMethodInvocation.proceed(ReflectiveMethodInvocation.java:184)
	at org.springframework.aop.framework.JdkDynamicAopProxy.invoke(JdkDynamicAopProxy.java:223)
	at jdk.proxy2/jdk.proxy2.$Proxy96.save(Unknown Source)
	at java.base/jdk.internal.reflect.DirectMethodHandleAccessor.invoke(DirectMethodHandleAccessor.java:103)
	at java.base/java.lang.reflect.Method.invoke(Method.java:580)
	at org.springframework.aop.support.AopUtils.invokeJoinpointUsingReflection(AopUtils.java:359)
	at org.springframework.aop.framework.ReflectiveMethodInvocation.invokeJoinpoint(ReflectiveMethodInvocation.java:196)
	at org.springframework.aop.framework.ReflectiveMethodInvocation.proceed(ReflectiveMethodInvocation.java:163)
	at org.springframework.dao.support.PersistenceExceptionTranslationInterceptor.invoke(PersistenceExceptionTranslationInterceptor.java:138)
	at org.springframework.aop.framework.ReflectiveMethodInvocation.proceed(ReflectiveMethodInvocation.java:184)
	at org.springframework.aop.framework.JdkDynamicAopProxy.invoke(JdkDynamicAopProxy.java:223)
	at jdk.proxy2/jdk.proxy2.$Proxy96.save(Unknown Source)
	at org.example.laboratoryappointment.User.UserTest.addAppointment4(UserTest.java:101)
	at java.base/java.lang.reflect.Method.invoke(Method.java:580)
	at java.base/java.util.ArrayList.forEach(ArrayList.java:1596)
	at java.base/java.util.ArrayList.forEach(ArrayList.java:1596)
Caused by: org.springframework.dao.DuplicateKeyException: PreparedStatementCallback; SQL [INSERT INTO `appointment` (`classroom`, `course`, `dayofweek`, `id`, `section`, `teacher`, `week`) VALUES (?, ?, ?, ?, ?, ?, ?)]; Duplicate entry '2-3-5-3' for key 'appointment.functional_index'
	at org.springframework.jdbc.support.SQLExceptionSubclassTranslator.doTranslate(SQLExceptionSubclassTranslator.java:95)
	at org.springframework.jdbc.support.AbstractFallbackSQLExceptionTranslator.translate(AbstractFallbackSQLExceptionTranslator.java:107)
	at org.springframework.jdbc.core.JdbcTemplate.translateException(JdbcTemplate.java:1556)
	at org.springframework.jdbc.core.JdbcTemplate.execute(JdbcTemplate.java:677)
	at org.springframework.jdbc.core.JdbcTemplate.update(JdbcTemplate.java:972)
	at org.springframework.jdbc.core.JdbcTemplate.update(JdbcTemplate.java:993)
	at org.springframework.jdbc.core.namedparam.NamedParameterJdbcTemplate.update(NamedParameterJdbcTemplate.java:337)
	at org.springframework.data.jdbc.core.convert.InsertStrategyFactory$DefaultInsertStrategy.execute(InsertStrategyFactory.java:84)
	at org.springframework.data.jdbc.core.convert.DefaultDataAccessStrategy.insert(DefaultDataAccessStrategy.java:110)
	at org.springframework.data.jdbc.core.JdbcAggregateChangeExecutionContext.executeInsertRoot(JdbcAggregateChangeExecutionContext.java:75)
	at org.springframework.data.jdbc.core.AggregateChangeExecutor.execute(AggregateChangeExecutor.java:85)
	... 40 more
Caused by: java.sql.SQLIntegrityConstraintViolationException: Duplicate entry '2-3-5-3' for key 'appointment.functional_index'
	at com.mysql.cj.jdbc.exceptions.SQLError.createSQLException(SQLError.java:109)
	at com.mysql.cj.jdbc.exceptions.SQLExceptionsMapping.translateException(SQLExceptionsMapping.java:114)
	at com.mysql.cj.jdbc.ClientPreparedStatement.executeInternal(ClientPreparedStatement.java:988)
	at com.mysql.cj.jdbc.ClientPreparedStatement.executeUpdateInternal(ClientPreparedStatement.java:1166)
	at com.mysql.cj.jdbc.ClientPreparedStatement.executeUpdateInternal(ClientPreparedStatement.java:1101)
	at com.mysql.cj.jdbc.ClientPreparedStatement.executeLargeUpdate(ClientPreparedStatement.java:1467)
	at com.mysql.cj.jdbc.ClientPreparedStatement.executeUpdate(ClientPreparedStatement.java:1084)
	at com.zaxxer.hikari.pool.ProxyPreparedStatement.executeUpdate(ProxyPreparedStatement.java:61)
	at com.zaxxer.hikari.pool.HikariProxyPreparedStatement.executeUpdate(HikariProxyPreparedStatement.java)
	at org.springframework.jdbc.core.JdbcTemplate.lambda$update$2(JdbcTemplate.java:977)
	at org.springframework.jdbc.core.JdbcTemplate.execute(JdbcTemplate.java:658)
	... 47 more
]]></error>
    <system-out><![CDATA[22:39:23.752 [main] INFO org.springframework.test.context.support.AnnotationConfigContextLoaderUtils -- Could not detect default configuration classes for test class [org.example.laboratoryappointment.User.UserTest]: UserTest does not declare any static, non-private, non-final, nested classes annotated with @Configuration.
22:39:23.856 [main] INFO org.springframework.boot.test.context.SpringBootTestContextBootstrapper -- Found @SpringBootConfiguration org.example.laboratoryappointment.LaboratoryAppointmentApplication for test class org.example.laboratoryappointment.User.UserTest

  .   ____          _            __ _ _
 /\\ / ___'_ __ _ _(_)_ __  __ _ \ \ \ \
( ( )\___ | '_ | '_| | '_ \/ _` | \ \ \ \
 \\/  ___)| |_)| | | | | || (_| |  ) ) ) )
  '  |____| .__|_| |_|_| |_\__, | / / / /
 =========|_|==============|___/=/_/_/_/

 :: Spring Boot ::                (v3.4.0)

INFO  org.springframework.boot.StartupInfoLogger.logStarting[53] - Starting UserTest using Java 21.0.4 with PID 3844 (started by DELL in D:\Web\LaboratoryAppointment)
DEBUG org.springframework.boot.StartupInfoLogger.logStarting[54] - Running with Spring Boot v3.4.0, Spring v6.2.0
INFO  org.springframework.boot.SpringApplication.logStartupProfileInfo[652] - No active profile set, falling back to 1 default profile: "default"
INFO  org.springframework.boot.StartupInfoLogger.logStarted[59] - Started UserTest in 2.799 seconds (process running for 3.549)
]]></system-out>
    <system-err><![CDATA[Mockito is currently self-attaching to enable the inline-mock-maker. This will no longer work in future releases of the JDK. Please add Mockito as an agent to your build what is described in Mockito's documentation: https://javadoc.io/doc/org.mockito/mockito-core/latest/org/mockito/Mockito.html#0.3
WARNING: A Java agent has been loaded dynamically (D:\Repository\net\bytebuddy\byte-buddy-agent\1.15.10\byte-buddy-agent-1.15.10.jar)
WARNING: If a serviceability tool is in use, please run with -XX:+EnableDynamicAgentLoading to hide this warning
WARNING: If a serviceability tool is not in use, please run with -Djdk.instrument.traceUsage for more information
WARNING: Dynamic loading of agents will be disallowed by default in a future release
]]></system-err>
  </testcase>
</testsuite>